2020-12-06 18:44:58.585  INFO 2452 --- [restartedMain] ssp.marketplace.app.AppApplication       : Starting AppApplication on Kate-PC with PID 2452 (D:\source\aaaaaargh\backend\build\classes\java\main started by Êàòÿ in D:\source\aaaaaargh\backend)
2020-12-06 18:44:58.648  INFO 2452 --- [restartedMain] ssp.marketplace.app.AppApplication       : The following profiles are active: dev
2020-12-06 18:44:58.881  INFO 2452 --- [restartedMain] .e.DevToolsPropertyDefaultsPostProcessor : Devtools property defaults active! Set 'spring.devtools.add-properties' to 'false' to disable
2020-12-06 18:44:58.882  INFO 2452 --- [restartedMain] .e.DevToolsPropertyDefaultsPostProcessor : For additional web related logging consider setting the 'logging.level.web' property to 'DEBUG'
2020-12-06 18:45:00.705  INFO 2452 --- [restartedMain] .s.d.r.c.RepositoryConfigurationDelegate : Bootstrapping Spring Data JPA repositories in DEFERRED mode.
2020-12-06 18:45:00.893  INFO 2452 --- [restartedMain] .s.d.r.c.RepositoryConfigurationDelegate : Finished Spring Data repository scanning in 176ms. Found 7 JPA repository interfaces.
2020-12-06 18:45:02.266  INFO 2452 --- [restartedMain] o.s.b.w.embedded.tomcat.TomcatWebServer  : Tomcat initialized with port(s): 8080 (http)
2020-12-06 18:45:02.281  INFO 2452 --- [restartedMain] o.apache.catalina.core.StandardService   : Starting service [Tomcat]
2020-12-06 18:45:02.281  INFO 2452 --- [restartedMain] org.apache.catalina.core.StandardEngine  : Starting Servlet engine: [Apache Tomcat/9.0.39]
2020-12-06 18:45:02.508  INFO 2452 --- [restartedMain] o.a.c.c.C.[Tomcat].[localhost].[/]       : Initializing Spring embedded WebApplicationContext
2020-12-06 18:45:02.508  INFO 2452 --- [restartedMain] w.s.c.ServletWebServerApplicationContext : Root WebApplicationContext: initialization completed in 3625 ms
2020-12-06 18:45:02.736  INFO 2452 --- [restartedMain] com.zaxxer.hikari.HikariDataSource       : HikariPool-1 - Starting...
2020-12-06 18:45:03.236  INFO 2452 --- [restartedMain] com.zaxxer.hikari.HikariDataSource       : HikariPool-1 - Start completed.
2020-12-06 18:45:05.461  INFO 2452 --- [restartedMain] liquibase.executor.jvm.JdbcExecutor      : SELECT COUNT(*) FROM public.databasechangeloglock
2020-12-06 18:45:05.516  INFO 2452 --- [restartedMain] liquibase.executor.jvm.JdbcExecutor      : SELECT COUNT(*) FROM public.databasechangeloglock
2020-12-06 18:45:05.519  INFO 2452 --- [restartedMain] liquibase.executor.jvm.JdbcExecutor      : SELECT LOCKED FROM public.databasechangeloglock WHERE ID=1
2020-12-06 18:45:05.569  INFO 2452 --- [restartedMain] l.lockservice.StandardLockService        : Successfully acquired change log lock
2020-12-06 18:45:14.492  INFO 2452 --- [restartedMain] liquibase.executor.jvm.JdbcExecutor      : SELECT MD5SUM FROM public.databasechangelog WHERE MD5SUM IS NOT NULL LIMIT 1
2020-12-06 18:45:14.512  INFO 2452 --- [restartedMain] liquibase.executor.jvm.JdbcExecutor      : SELECT COUNT(*) FROM public.databasechangelog
2020-12-06 18:45:14.521  INFO 2452 --- [restartedMain] l.c.StandardChangeLogHistoryService      : Reading from public.databasechangelog
2020-12-06 18:45:14.521  INFO 2452 --- [restartedMain] liquibase.executor.jvm.JdbcExecutor      : SELECT * FROM public.databasechangelog ORDER BY DATEEXECUTED ASC, ORDEREXECUTED ASC
2020-12-06 18:45:14.698  INFO 2452 --- [restartedMain] l.lockservice.StandardLockService        : Successfully released change log lock
2020-12-06 18:45:14.699  INFO 2452 --- [restartedMain] com.zaxxer.hikari.HikariDataSource       : HikariPool-1 - Shutdown initiated...
2020-12-06 18:45:14.714  INFO 2452 --- [restartedMain] com.zaxxer.hikari.HikariDataSource       : HikariPool-1 - Shutdown completed.
2020-12-06 18:45:14.942  INFO 2452 --- [restartedMain] o.s.s.concurrent.ThreadPoolTaskExecutor  : Initializing ExecutorService 'applicationTaskExecutor'
2020-12-06 18:45:15.359  INFO 2452 --- [task-1] o.hibernate.jpa.internal.util.LogHelper  : HHH000204: Processing PersistenceUnitInfo [name: default]
2020-12-06 18:45:15.756  INFO 2452 --- [task-1] org.hibernate.Version                    : HHH000412: Hibernate ORM core version 5.4.22.Final
2020-12-06 18:45:17.035  INFO 2452 --- [task-1] o.hibernate.annotations.common.Version   : HCANN000001: Hibernate Commons Annotations {5.1.0.Final}
2020-12-06 18:45:17.708  INFO 2452 --- [task-1] com.zaxxer.hikari.HikariDataSource       : HikariPool-2 - Starting...
2020-12-06 18:45:17.781  INFO 2452 --- [task-1] com.zaxxer.hikari.HikariDataSource       : HikariPool-2 - Start completed.
2020-12-06 18:45:17.903  INFO 2452 --- [task-1] org.hibernate.dialect.Dialect            : HHH000400: Using dialect: org.hibernate.dialect.PostgreSQL10Dialect
2020-12-06 18:45:18.344  WARN 2452 --- [restartedMain] JpaBaseConfiguration$JpaWebConfiguration : spring.jpa.open-in-view is enabled by default. Therefore, database queries may be performed during view rendering. Explicitly configure spring.jpa.open-in-view to disable this warning
2020-12-06 18:45:19.194  INFO 2452 --- [restartedMain] s.m.app.config.MailSenderConfiguration   : Creating custom JavaMailSender
2020-12-06 18:45:19.274  INFO 2452 --- [restartedMain] s.m.a.s.i.events.RegistrationListener    : Listener created
2020-12-06 18:45:20.938  INFO 2452 --- [restartedMain] o.s.s.web.DefaultSecurityFilterChain     : Creating filter chain: any request, [org.springframework.security.web.context.request.async.WebAsyncManagerIntegrationFilter@577f58e7, org.springframework.security.web.context.SecurityContextPersistenceFilter@348e0006, org.springframework.security.web.header.HeaderWriterFilter@4a280110, org.springframework.web.filter.CorsFilter@61c56618, org.springframework.security.web.authentication.logout.LogoutFilter@58629bb0, ssp.marketplace.app.security.jwt.JwtTokenFilter@501baa61, org.springframework.security.web.savedrequest.RequestCacheAwareFilter@6bb19cd3, org.springframework.security.web.servletapi.SecurityContextHolderAwareRequestFilter@5b79d4a4, org.springframework.security.web.authentication.AnonymousAuthenticationFilter@24d2becf, org.springframework.security.web.session.SessionManagementFilter@7daff7da, org.springframework.security.web.access.ExceptionTranslationFilter@af66a63, org.springframework.security.web.access.intercept.FilterSecurityInterceptor@2868a016]
2020-12-06 18:45:21.145  INFO 2452 --- [restartedMain] o.s.b.d.a.OptionalLiveReloadServer       : LiveReload server is running on port 35729
2020-12-06 18:45:21.342  INFO 2452 --- [restartedMain] o.s.b.w.embedded.tomcat.TomcatWebServer  : Tomcat started on port(s): 8080 (http) with context path ''
2020-12-06 18:45:21.345  INFO 2452 --- [restartedMain] DeferredRepositoryInitializationListener : Triggering deferred initialization of Spring Data repositories…
2020-12-06 18:45:22.240  INFO 2452 --- [task-1] o.h.e.t.j.p.i.JtaPlatformInitiator       : HHH000490: Using JtaPlatform implementation: [org.hibernate.engine.transaction.jta.platform.internal.NoJtaPlatform]
2020-12-06 18:45:22.263  INFO 2452 --- [task-1] j.LocalContainerEntityManagerFactoryBean : Initialized JPA EntityManagerFactory for persistence unit 'default'
2020-12-06 18:45:23.291  INFO 2452 --- [restartedMain] DeferredRepositoryInitializationListener : Spring Data repositories initialized!
2020-12-06 18:45:23.312  INFO 2452 --- [restartedMain] ssp.marketplace.app.AppApplication       : Started AppApplication in 25.761 seconds (JVM running for 26.636)
